
  .   ____          _            __ _ _
 /\\ / ___'_ __ _ _(_)_ __  __ _ \ \ \ \
( ( )\___ | '_ | '_| | '_ \/ _` | \ \ \ \
 \\/  ___)| |_)| | | | | || (_| |  ) ) ) )
  '  |____| .__|_| |_|_| |_\__, | / / / /
 =========|_|==============|___/=/_/_/_/
 :: Spring Boot ::                (v3.2.0)

2026-02-06T00:58:51.042+07:00  INFO 24988 --- [book-management-api] [           main] c.a.d.Dangdoanhtoai2280603283Application : Starting Dangdoanhtoai2280603283Application v0.0.1-SNAPSHOT using Java 22.0.1 with PID 24988 (D:\LTUDJAVA\dangdoanhtoai2280603283\target\dangdoanhtoai2280603283-0.0.1-SNAPSHOT.jar started by dangt in D:\LTUDJAVA\dangdoanhtoai2280603283)
2026-02-06T00:58:51.045+07:00 DEBUG 24988 --- [book-management-api] [           main] c.a.d.Dangdoanhtoai2280603283Application : Running with Spring Boot v3.2.0, Spring v6.1.1
2026-02-06T00:58:51.046+07:00  INFO 24988 --- [book-management-api] [           main] c.a.d.Dangdoanhtoai2280603283Application : No active profile set, falling back to 1 default profile: "default"
2026-02-06T00:58:52.046+07:00  INFO 24988 --- [book-management-api] [           main] .s.d.r.c.RepositoryConfigurationDelegate : Bootstrapping Spring Data MongoDB repositories in DEFAULT mode.
2026-02-06T00:58:52.112+07:00  INFO 24988 --- [book-management-api] [           main] .s.d.r.c.RepositoryConfigurationDelegate : Finished Spring Data repository scanning in 63 ms. Found 6 MongoDB repository interfaces.
2026-02-06T00:58:52.781+07:00  INFO 24988 --- [book-management-api] [           main] o.s.b.w.embedded.tomcat.TomcatWebServer  : Tomcat initialized with port 8080 (http)
2026-02-06T00:58:52.792+07:00  INFO 24988 --- [book-management-api] [           main] o.apache.catalina.core.StandardService   : Starting service [Tomcat]
2026-02-06T00:58:52.793+07:00  INFO 24988 --- [book-management-api] [           main] o.apache.catalina.core.StandardEngine    : Starting Servlet engine: [Apache Tomcat/10.1.16]
2026-02-06T00:58:52.846+07:00  INFO 24988 --- [book-management-api] [           main] o.a.c.c.C.[Tomcat].[localhost].[/]       : Initializing Spring embedded WebApplicationContext
2026-02-06T00:58:52.847+07:00  INFO 24988 --- [book-management-api] [           main] w.s.c.ServletWebServerApplicationContext : Root WebApplicationContext: initialization completed in 1731 ms
2026-02-06T00:58:53.126+07:00  INFO 24988 --- [book-management-api] [           main] org.mongodb.driver.client                : MongoClient with metadata {"driver": {"name": "mongo-java-driver|sync|spring-boot", "version": "4.11.1"}, "os": {"type": "Windows", "name": "Windows 11", "architecture": "amd64", "version": "10.0"}, "platform": "Java/Oracle Corporation/22.0.1+8-16"} created with settings MongoClientSettings{readPreference=primary, writeConcern=WriteConcern{w=null, wTimeout=null ms, journal=null}, retryWrites=true, retryReads=true, readConcern=ReadConcern{level=null}, credential=null, transportSettings=null, streamFactoryFactory=null, commandListeners=[], codecRegistry=ProvidersCodecRegistry{codecProviders=[ValueCodecProvider{}, BsonValueCodecProvider{}, DBRefCodecProvider{}, DBObjectCodecProvider{}, DocumentCodecProvider{}, CollectionCodecProvider{}, IterableCodecProvider{}, MapCodecProvider{}, GeoJsonCodecProvider{}, GridFSFileCodecProvider{}, Jsr310CodecProvider{}, JsonObjectCodecProvider{}, BsonCodecProvider{}, EnumCodecProvider{}, com.mongodb.client.model.mql.ExpressionCodecProvider@5df63359, com.mongodb.Jep395RecordCodecProvider@53d2d002, com.mongodb.KotlinCodecProvider@5b39a3e6]}, loggerSettings=LoggerSettings{maxDocumentLength=1000}, clusterSettings={hosts=[localhost:27017], srvServiceName=mongodb, mode=SINGLE, requiredClusterType=UNKNOWN, requiredReplicaSetName='null', serverSelector='null', clusterListeners='[]', serverSelectionTimeout='30000 ms', localThreshold='15 ms'}, socketSettings=SocketSettings{connectTimeoutMS=10000, readTimeoutMS=0, receiveBufferSize=0, proxySettings=ProxySettings{host=null, port=null, username=null, password=null}}, heartbeatSocketSettings=SocketSettings{connectTimeoutMS=10000, readTimeoutMS=10000, receiveBufferSize=0, proxySettings=ProxySettings{host=null, port=null, username=null, password=null}}, connectionPoolSettings=ConnectionPoolSettings{maxSize=100, minSize=0, maxWaitTimeMS=120000, maxConnectionLifeTimeMS=0, maxConnectionIdleTimeMS=0, maintenanceInitialDelayMS=0, maintenanceFrequencyMS=60000, connectionPoolListeners=[], maxConnecting=2}, serverSettings=ServerSettings{heartbeatFrequencyMS=10000, minHeartbeatFrequencyMS=500, serverListeners='[]', serverMonitorListeners='[]'}, sslSettings=SslSettings{enabled=false, invalidHostNameAllowed=false, context=null}, applicationName='null', compressorList=[], uuidRepresentation=JAVA_LEGACY, serverApi=null, autoEncryptionSettings=null, dnsClient=null, inetAddressResolver=null, contextProvider=null}
2026-02-06T00:58:53.189+07:00  INFO 24988 --- [book-management-api] [localhost:27017] org.mongodb.driver.cluster               : Monitor thread successfully connected to server with description ServerDescription{address=localhost:27017, type=STANDALONE, state=CONNECTED, ok=true, minWireVersion=0, maxWireVersion=27, maxDocumentSize=16777216, logicalSessionTimeoutMinutes=30, roundTripTimeNanos=54307100}
2026-02-06T00:58:53.978+07:00 DEBUG 24988 --- [book-management-api] [           main] c.a.d.security.JwtAuthenticationFilter   : Filter 'jwtAuthenticationFilter' configured for use
2026-02-06T00:58:54.966+07:00  INFO 24988 --- [book-management-api] [           main] o.s.s.web.DefaultSecurityFilterChain     : Will secure any request with [org.springframework.security.web.session.DisableEncodeUrlFilter@2ab9e43e, org.springframework.security.web.context.request.async.WebAsyncManagerIntegrationFilter@10dfa7ef, org.springframework.security.web.context.SecurityContextHolderFilter@79d63a4f, org.springframework.security.web.header.HeaderWriterFilter@b3fc6d8, org.springframework.web.filter.CorsFilter@4fd80300, org.springframework.security.web.authentication.logout.LogoutFilter@5d3f99d7, com.app.dangdoanhtoai2280603283.security.JwtAuthenticationFilter@3fde2209, org.springframework.security.web.savedrequest.RequestCacheAwareFilter@749baa0c, org.springframework.security.web.servletapi.SecurityContextHolderAwareRequestFilter@1b3bec6c, org.springframework.security.web.authentication.AnonymousAuthenticationFilter@1805383, org.springframework.security.web.session.SessionManagementFilter@e2b3026, org.springframework.security.web.access.ExceptionTranslationFilter@349f0ca4, org.springframework.security.web.access.intercept.AuthorizationFilter@7d88fa9c]
2026-02-06T00:58:55.312+07:00  INFO 24988 --- [book-management-api] [           main] o.s.b.w.embedded.tomcat.TomcatWebServer  : Tomcat started on port 8080 (http) with context path ''
2026-02-06T00:58:55.338+07:00  INFO 24988 --- [book-management-api] [           main] c.a.d.Dangdoanhtoai2280603283Application : Started Dangdoanhtoai2280603283Application in 4.858 seconds (process running for 5.504)
==================================================
  BOOK MANAGEMENT API
  Dang Doan Toai - 2280603283
==================================================
  Server running at: http://localhost:8080
==================================================
2026-02-06T00:59:01.891+07:00  INFO 24988 --- [book-management-api] [nio-8080-exec-1] o.a.c.c.C.[Tomcat].[localhost].[/]       : Initializing Spring DispatcherServlet 'dispatcherServlet'
2026-02-06T00:59:01.891+07:00  INFO 24988 --- [book-management-api] [nio-8080-exec-1] o.s.web.servlet.DispatcherServlet        : Initializing Servlet 'dispatcherServlet'
2026-02-06T00:59:01.893+07:00  INFO 24988 --- [book-management-api] [nio-8080-exec-1] o.s.web.servlet.DispatcherServlet        : Completed initialization in 0 ms
2026-02-06T00:59:01.901+07:00 DEBUG 24988 --- [book-management-api] [nio-8080-exec-1] o.s.security.web.FilterChainProxy        : Securing GET /health
2026-02-06T00:59:01.912+07:00 DEBUG 24988 --- [book-management-api] [nio-8080-exec-1] o.s.s.w.a.AnonymousAuthenticationFilter  : Set SecurityContextHolder to anonymous SecurityContext
2026-02-06T00:59:01.913+07:00  WARN 24988 --- [book-management-api] [nio-8080-exec-1] o.s.w.s.h.HandlerMappingIntrospector     : Cache miss for REQUEST dispatch to '/health' (previous null). Performing MatchableHandlerMapping lookup. This is logged once only at WARN level, and every time at TRACE.
2026-02-06T00:59:01.924+07:00 DEBUG 24988 --- [book-management-api] [nio-8080-exec-1] o.s.security.web.FilterChainProxy        : Secured GET /health
2026-02-06T00:59:08.300+07:00 DEBUG 24988 --- [book-management-api] [nio-8080-exec-3] o.s.security.web.FilterChainProxy        : Securing POST /auth/register
2026-02-06T00:59:08.300+07:00 DEBUG 24988 --- [book-management-api] [nio-8080-exec-3] o.s.s.w.a.AnonymousAuthenticationFilter  : Set SecurityContextHolder to anonymous SecurityContext
2026-02-06T00:59:08.301+07:00 DEBUG 24988 --- [book-management-api] [nio-8080-exec-3] o.s.security.web.FilterChainProxy        : Secured POST /auth/register
2026-02-06T01:00:04.035+07:00 DEBUG 24988 --- [book-management-api] [nio-8080-exec-5] o.s.security.web.FilterChainProxy        : Securing OPTIONS /auth/register
2026-02-06T01:00:04.044+07:00 DEBUG 24988 --- [book-management-api] [nio-8080-exec-6] o.s.security.web.FilterChainProxy        : Securing POST /auth/register
2026-02-06T01:00:04.046+07:00 DEBUG 24988 --- [book-management-api] [nio-8080-exec-6] o.s.s.w.a.AnonymousAuthenticationFilter  : Set SecurityContextHolder to anonymous SecurityContext
2026-02-06T01:00:04.047+07:00 DEBUG 24988 --- [book-management-api] [nio-8080-exec-6] o.s.security.web.FilterChainProxy        : Secured POST /auth/register
2026-02-06T01:00:08.521+07:00 DEBUG 24988 --- [book-management-api] [nio-8080-exec-7] o.s.security.web.FilterChainProxy        : Securing OPTIONS /auth/login
2026-02-06T01:00:08.524+07:00 DEBUG 24988 --- [book-management-api] [nio-8080-exec-8] o.s.security.web.FilterChainProxy        : Securing POST /auth/login
2026-02-06T01:00:08.526+07:00 DEBUG 24988 --- [book-management-api] [nio-8080-exec-8] o.s.s.w.a.AnonymousAuthenticationFilter  : Set SecurityContextHolder to anonymous SecurityContext
2026-02-06T01:00:08.526+07:00 DEBUG 24988 --- [book-management-api] [nio-8080-exec-8] o.s.security.web.FilterChainProxy        : Secured POST /auth/login
2026-02-06T01:00:10.453+07:00 DEBUG 24988 --- [book-management-api] [nio-8080-exec-9] o.s.security.web.FilterChainProxy        : Securing POST /auth/login
2026-02-06T01:00:10.454+07:00 DEBUG 24988 --- [book-management-api] [nio-8080-exec-9] o.s.s.w.a.AnonymousAuthenticationFilter  : Set SecurityContextHolder to anonymous SecurityContext
2026-02-06T01:00:10.455+07:00 DEBUG 24988 --- [book-management-api] [nio-8080-exec-9] o.s.security.web.FilterChainProxy        : Secured POST /auth/login
2026-02-06T01:00:14.917+07:00 DEBUG 24988 --- [book-management-api] [io-8080-exec-10] o.s.security.web.FilterChainProxy        : Securing POST /auth/login
2026-02-06T01:00:14.918+07:00 DEBUG 24988 --- [book-management-api] [io-8080-exec-10] o.s.s.w.a.AnonymousAuthenticationFilter  : Set SecurityContextHolder to anonymous SecurityContext
2026-02-06T01:00:14.919+07:00 DEBUG 24988 --- [book-management-api] [io-8080-exec-10] o.s.security.web.FilterChainProxy        : Secured POST /auth/login
2026-02-06T01:00:16.398+07:00 DEBUG 24988 --- [book-management-api] [nio-8080-exec-1] o.s.security.web.FilterChainProxy        : Securing POST /auth/login
2026-02-06T01:00:16.399+07:00 DEBUG 24988 --- [book-management-api] [nio-8080-exec-1] o.s.s.w.a.AnonymousAuthenticationFilter  : Set SecurityContextHolder to anonymous SecurityContext
2026-02-06T01:00:16.399+07:00 DEBUG 24988 --- [book-management-api] [nio-8080-exec-1] o.s.security.web.FilterChainProxy        : Secured POST /auth/login
2026-02-06T01:01:51.040+07:00 DEBUG 24988 --- [book-management-api] [nio-8080-exec-2] o.s.security.web.FilterChainProxy        : Securing POST /auth/login
2026-02-06T01:01:51.042+07:00 DEBUG 24988 --- [book-management-api] [nio-8080-exec-2] o.s.s.w.a.AnonymousAuthenticationFilter  : Set SecurityContextHolder to anonymous SecurityContext
2026-02-06T01:01:51.043+07:00 DEBUG 24988 --- [book-management-api] [nio-8080-exec-2] o.s.security.web.FilterChainProxy        : Secured POST /auth/login
2026-02-06T01:01:53.024+07:00 DEBUG 24988 --- [book-management-api] [nio-8080-exec-3] o.s.security.web.FilterChainProxy        : Securing OPTIONS /books
2026-02-06T01:01:53.026+07:00 DEBUG 24988 --- [book-management-api] [nio-8080-exec-4] o.s.security.web.FilterChainProxy        : Securing GET /books
2026-02-06T01:01:53.027+07:00 DEBUG 24988 --- [book-management-api] [nio-8080-exec-4] o.s.s.w.a.AnonymousAuthenticationFilter  : Set SecurityContextHolder to anonymous SecurityContext
2026-02-06T01:01:53.029+07:00 DEBUG 24988 --- [book-management-api] [nio-8080-exec-4] o.s.security.web.FilterChainProxy        : Secured GET /books
